Загрузка налогового регистра
Файл D:\RSHB_SOFR\Mac.Usr\USER\import\outdu.csv
20.03.2021 15:07:06


Продолжительность обработки 1м. 12с.
Загружены записи (387 шт.):
┌───────┬────────┬──────────┬────────────────────────┬────────────────────────────────────────┬──────────┬────────────────────┐
│ № п/п │ Строка │  RecId   │  Код сделки            │                Название ЦБ             │Количество│        Сумма       │
├───────┼────────┼──────────┼────────────────────────┼────────────────────────────────────────┼──────────┼────────────────────┤
│      1│       1│1         │ARNU_DU_20201026_1      │XS1648266788 ALFA BOND ISSUANCE PLC 8.9 │   1291.00│        129100000.00│
│      2│       2│2         │ARNU_DU_20201026_2      │XS1648266788 ALFA BOND ISSUANCE PLC 8.9 │   1090.00│        109000000.00│
│      3│       3│3         │ARNU_DU_20201026_3      │XS1769724755 RUSHYDRO CAPITAL MA REGS   │   2200.00│        218487500.00│
│      4│       4│4         │ARNU_DU_20201026_4      │XS1769724755 RUSHYDRO CAPITAL MA REGS   │   1000.00│         99312500.00│
│      5│       5│5         │ARNU_DU_20201026_5      │XS1691350455 RUSHYDRO CAPITAL MA REGS 28│   5000.00│        500000000.00│
│      6│       6│6         │ARNU_DU_20201026_6      │РЖД-18-2025-евро                        │   1500.00│        150000000.00│
│      7│       7│7         │ARNU_DU_20201026_7      │4-05-00207-A АКРОН об05                 │ 414617.00│        414617000.00│
│      8│       8│8         │ARNU_DU_20201026_8      │4-06-00207-A АКРОН об06                 │  99999.00│         99999000.00│
│      9│       9│9         │ARNU_DU_20201026_9      │Акрон Б1P3                              │  50000.00│         50000000.00│
│     10│      10│10        │ARNU_DU_20201026_10     │Акрон Б1P3                              │   2000.00│          2000000.00│
│     11│      11│11        │ARNU_DU_20201026_11     │Акрон Б1P3                              │   9000.00│          9000000.00│
│     12│      12│12        │ARNU_DU_20201026_12     │Акрон Б1P3                              │   2825.00│          2825000.00│
│     13│      13│13        │ARNU_DU_20201026_13     │Акрон Б1P3                              │    500.00│           500000.00│
│     14│      14│14        │ARNU_DU_20201026_14     │Акрон Б1P3                              │   4000.00│          4000000.00│
│     15│      15│15        │ARNU_DU_20201026_15     │Акрон Б1P3                              │ 100000.00│        100000000.00│
│     16│      16│16        │ARNU_DU_20201026_16     │4B020101326B002P Альфа-Банк-02-1        │  14380.00│         14379858.96│
│     17│      17│17        │ARNU_DU_20201026_17     │4B020101326B002P Альфа-Банк-02-1        │   5000.00│          4999950.96│
│     18│      18│18        │ARNU_DU_20201026_18     │4B020101326B002P Альфа-Банк-02-1        │  24799.00│         24798756.76│
│     19│      19│19        │ARNU_DU_20201026_19     │4B020101326B002P Альфа-Банк-02-1        │    201.00│           200998.03│
│     20│      20│20        │ARNU_DU_20201026_20     │4B020101326B002P Альфа-Банк-02-1        │  10000.00│          9999901.92│
│     21│      21│21        │ARNU_DU_20201026_21     │4B020101326B002P Альфа-Банк-02-1        │   1956.00│          1955980.81│
│     22│      22│22        │ARNU_DU_20201026_22     │4B020101326B002P Альфа-Банк-02-1        │   2500.00│          2499975.48│
│     23│      23│23        │ARNU_DU_20201026_23     │4B020101326B002P Альфа-Банк-02-1        │   2000.00│          1999980.38│
│     24│      24│24        │ARNU_DU_20201026_24     │4B020101326B002P Альфа-Банк-02-1        │  10000.00│          9999901.92│
│     25│      25│25        │ARNU_DU_20201026_25     │4B020101326B002P Альфа-Банк-02-1        │   5000.00│          4999950.96│
│     26│      26│26        │ARNU_DU_20201026_26     │4B020101326B002P Альфа-Банк-02-1        │ 100000.00│         99999019.16│
│     27│      27│27        │ARNU_DU_20201026_27     │4B020101326B002P Альфа-Банк-02-1        │ 349987.00│        349983567.19│
│     28│      28│28        │ARNU_DU_20201026_28     │4B020101326B002P Альфа-Банк-02-1        │ 300000.00│        299997057.48│
│     29│      29│29        │ARNU_DU_20201026_29     │Альфа-Банк-002Р-05-боб                  │  30000.00│         30000000.00│
│     30│      30│30        │ARNU_DU_20201026_30     │4B021501326B АЛЬФА-БАНК обб15           │  12386.00│         12311684.00│
│     31│      31│31        │ARNU_DU_20201026_31     │4B021801326B АЛЬФА-БАНК обб18           │ 289000.00│        289000000.00│
│     32│      32│32        │ARNU_DU_20201026_32     │4B021801326B АЛЬФА-БАНК обб18           │ 178642.00│        178642000.00│
│     33│      33│33        │ARNU_DU_20201026_33     │4B024001326B АЛЬФА-БАНК обб40           │ 100000.00│         98550000.00│
│     34│      34│34        │ARNU_DU_20201026_34     │БКЕ-001Р-02-боб                         │ 410000.00│        410000000.00│
│     35│      35│35        │ARNU_DU_20201026_35     │БКЕ-001Р-02-боб                         │ 200000.00│        200000000.00│
│     36│      36│36        │ARNU_DU_20201026_36     │БКЕ-001Р-02-боб                         │   5957.00│          5957000.00│
│     37│      37│37        │ARNU_DU_20201026_37     │БКЕ-001Р-02-боб                         │  16462.00│         16462000.00│
│     38│      38│38        │ARNU_DU_20201026_38     │БКЕ-001Р-02-боб                         │  29090.00│         29090000.00│
│     39│      39│39        │ARNU_DU_20201026_39     │БКЕ-001Р-02-боб                         │  21067.00│         21067000.00│
│     40│      40│40        │ARNU_DU_20201026_40     │БКЕ-001Р-02-боб                         │   4400.00│          4400000.00│
│     41│      41│41        │ARNU_DU_20201026_41     │БКЕ-001Р-02-боб                         │  11500.00│         11500000.00│
│     42│      42│42        │ARNU_DU_20201026_42     │БКЕ-001Р-02-боб                         │   4195.00│          4195000.00│
│     43│      43│43        │ARNU_DU_20201026_43     │БКЕ-001Р-02-боб                         │   5438.00│          5438000.00│
│     44│      44│44        │ARNU_DU_20201026_44     │БКЕ-001Р-02-боб                         │  50000.00│         50000000.00│
│     45│      45│45        │ARNU_DU_20201026_45     │БКЕ-001Р-02-боб                         │   5000.00│          5000000.00│
│     46│      46│46        │ARNU_DU_20201026_46     │БКЕ-001Р-02-боб                         │   1250.00│          1250000.00│
│     47│      47│47        │ARNU_DU_20201026_47     │БКЕ-001Р-02-боб                         │   3660.00│          3660000.00│
│     48│      48│48        │ARNU_DU_20201026_48     │БКЕ-001Р-02-боб                         │    290.00│           290000.00│
│     49│      49│49        │ARNU_DU_20201026_49     │БКЕ-001Р-02-боб                         │    640.00│           640000.00│
│     50│      50│50        │ARNU_DU_20201026_50     │БКЕ-001Р-02-боб                         │   1250.00│          1250000.00│
│     51│      51│51        │ARNU_DU_20201026_51     │БКЕ-001Р-02-боб                         │   1699.00│          1699000.00│
│     52│      52│52        │ARNU_DU_20201026_52     │БКЕ-001Р-02-боб                         │    594.00│           594000.00│
│     53│      53│53        │ARNU_DU_20201026_53     │БКЕ-001Р-03-боб                         │ 117000.00│        117000000.00│
│     54│      54│54        │ARNU_DU_20201026_54     │БКЕ-001Р-03-боб                         │ 100000.00│        100000000.00│
│     55│      55│55        │ARNU_DU_20201026_55     │БКЕ-001Р-03-боб                         │   1313.00│          1313000.00│
│     56│      56│56        │ARNU_DU_20201026_56     │БКЕ-001Р-03-боб                         │   1987.00│          1987000.00│
│     57│      57│57        │ARNU_DU_20201026_57     │ВБРР-001Р-05-боб                        │ 410000.00│        410000000.00│
│     58│      58│58        │ARNU_DU_20201026_58     │4B020203287B001P ВБРР оббП02            │    839.00│           837169.51│
│     59│      59│59        │ARNU_DU_20201026_59     │4B020203287B001P ВБРР оббП02            │ 100000.00│         99781824.34│
│     60│      60│60        │ARNU_DU_20201026_60     │4B020203287B001P ВБРР оббП02            │  85000.00│         84814550.69│
│     61│      61│61        │ARNU_DU_20201026_61     │4B020203287B001P ВБРР оббП02            │  75000.00│         74836368.26│
│     62│      62│62        │ARNU_DU_20201026_62     │4B020203287B001P ВБРР оббП02            │   1404.00│          1400936.81│
│     63│      63│63        │ARNU_DU_20201026_63     │4B020203287B001P ВБРР оббП02            │   2954.00│          2947555.09│
│     64│      64│64        │ARNU_DU_20201026_64     │4B020203287B001P ВБРР оббП02            │   1000.00│           997818.24│
│     65│      65│65        │ARNU_DU_20201026_65     │4B020203287B001P ВБРР оббП02            │  12410.00│         12382924.40│
│     66│      66│66        │ARNU_DU_20201026_66     │4B020203287B001P ВБРР оббП02            │ 100000.00│         99781824.34│
│     67│      67│67        │ARNU_DU_20201026_67     │4B020203287B001P ВБРР оббП02            │  37208.00│         37126821.20│
│     68│      68│68        │ARNU_DU_20201026_68     │4B020203287B001P ВБРР оббП02            │   8316.00│          8297856.51│
│     69│      69│69        │ARNU_DU_20201026_69     │4B020203287B001P ВБРР оббП02            │    910.00│           908014.60│
│     70│      70│70        │ARNU_DU_20201026_70     │4B020203287B001P ВБРР оббП02            │  10000.00│          9978182.43│
│     71│      71│71        │ARNU_DU_20201026_71     │4B020203287B001P ВБРР оббП02            │   3000.00│          2993454.73│
│     72│      72│72        │ARNU_DU_20201026_72     │4B020203287B001P ВБРР оббП02            │ 147000.00│        146679281.78│
│     73│      73│73        │ARNU_DU_20201026_73     │4B020203287B001P ВБРР оббП02            │    400.00│           399127.30│
│     74│      74│74        │ARNU_DU_20201026_74     │4B020203287B001P ВБРР оббП02            │      9.00│             8980.36│
│     75│      75│75        │ARNU_DU_20201026_75     │4B020203287B001P ВБРР оббП02            │  50000.00│         49890912.17│
│     76│      76│76        │ARNU_DU_20201026_76     │4B020203287B001P ВБРР оббП02            │   6651.00│          6636489.14│
│     77│      77│77        │ARNU_DU_20201026_77     │4B020203287B001P ВБРР оббП02            │  30000.00│         29934547.30│
│     78│      78│78        │ARNU_DU_20201026_78     │4B020203287B001P ВБРР оббП02            │   4999.00│          4988093.40│
│     79│      79│79        │ARNU_DU_20201026_79     │4B020203287B001P ВБРР оббП02            │ 150000.00│        149672736.51│
│     80│      80│80        │ARNU_DU_20201026_80     │4B020203287B001P ВБРР оббП02            │      1.00│              997.82│
│     81│      81│81        │ARNU_DU_20201026_81     │4B020203287B001P ВБРР оббП02            │      2.00│             1995.64│
│     82│      82│82        │ARNU_DU_20201026_82     │4B020203287B001P ВБРР оббП02            │      1.00│              997.82│
│     83│      83│83        │ARNU_DU_20201026_83     │4B020203287B001P ВБРР оббП02            │     94.00│            93794.91│
│     84│      84│84        │ARNU_DU_20201026_84     │4B020203287B001P ВБРР оббП02            │   8933.00│          8913510.37│
│     85│      85│85        │ARNU_DU_20201026_85     │4B020203287B001P ВБРР оббП02            │   9226.00│          9205871.11│
│     86│      86│86        │ARNU_DU_20201026_86     │4B02-09-00004-T-001P ВЭБ.РФ оббП09      │ 449110.00│        449110000.00│
│     87│      87│87        │ARNU_DU_20201026_87     │4B02-09-00004-T-001P ВЭБ.РФ оббП09      │      1.00│             1000.00│
│     88│      88│88        │ARNU_DU_20201026_88     │4B02-09-00004-T-001P ВЭБ.РФ оббП09      │  20000.00│         20000000.00│
│     89│      89│89        │ARNU_DU_20201026_89     │4B02-09-00004-T-001P ВЭБ.РФ оббП09      │  60757.00│         60757000.00│
│     90│      90│90        │ARNU_DU_20201026_90     │4B02-09-00004-T-001P ВЭБ.РФ оббП09      │  11099.00│         11099000.00│
│     91│      91│91        │ARNU_DU_20201026_91     │4B02-09-00004-T-001P ВЭБ.РФ оббП09      │ 148000.00│        148000000.00│
│     92│      92│92        │ARNU_DU_20201026_92     │4B02-09-00004-T-001P ВЭБ.РФ оббП09      │  22450.00│         22450000.00│
│     93│      93│93        │ARNU_DU_20201026_93     │4B02-09-00004-T-001P ВЭБ.РФ оббП09      │ 152615.00│        152615000.00│
│     94│      94│94        │ARNU_DU_20201026_94     │4B02-09-00004-T-001P ВЭБ.РФ оббП09      │  32000.00│         32000000.00│
│     95│      95│95        │ARNU_DU_20201026_95     │4B02-09-00004-T-001P ВЭБ.РФ оббП09      │ 390000.00│        390000000.00│
│     96│      96│96        │ARNU_DU_20201026_96     │4B02-134-00004-T-001P ВЭБ.РФ оббП12     │  50000.00│         50000000.00│
│     97│      97│97        │ARNU_DU_20201026_97     │4B02-134-00004-T-001P ВЭБ.РФ оббП12     │ 196000.00│        196000000.00│
│     98│      98│98        │ARNU_DU_20201026_98     │4B02-134-00004-T-001P ВЭБ.РФ оббП12     │ 196000.00│        196000000.00│
│     99│      99│99        │ARNU_DU_20201026_99     │4B02-134-00004-T-001P ВЭБ.РФ оббП12     │  51260.00│         51260000.00│
│    100│     100│100       │ARNU_DU_20201026_100    │4B02-134-00004-T-001P ВЭБ.РФ оббП12     │  50000.00│         50000000.00│
│    101│     101│101       │ARNU_DU_20201026_101    │4B02-134-00004-T-001P ВЭБ.РФ оббП12     │  19500.00│         19500000.00│
│    102│     102│102       │ARNU_DU_20201026_102    │4B02-134-00004-T-001P ВЭБ.РФ оббП12     │      6.00│             6000.00│
│    103│     103│103       │ARNU_DU_20201026_103    │4B02-134-00004-T-001P ВЭБ.РФ оббП12     │    580.00│           580000.00│
│    104│     104│104       │ARNU_DU_20201026_104    │4B02-134-00004-T-001P ВЭБ.РФ оббП12     │      4.00│             4000.00│
│    105│     105│105       │ARNU_DU_20201026_105    │4B02-134-00004-T-001P ВЭБ.РФ оббП12     │     15.00│            15000.00│
│    106│     106│106       │ARNU_DU_20201026_106    │4B02-134-00004-T-001P ВЭБ.РФ оббП12     │  16820.00│         16820000.00│
│    107│     107│107       │ARNU_DU_20201026_107    │4B02-134-00004-T-001P ВЭБ.РФ оббП12     │      1.00│             1000.00│
│    108│     108│108       │ARNU_DU_20201026_108    │4B02-134-00004-T-001P ВЭБ.РФ оббП12     │   1016.00│          1016000.00│
│    109│     109│109       │ARNU_DU_20201026_109    │4B02-134-00004-T-001P ВЭБ.РФ оббП12     │    100.00│           100000.00│
│    110│     110│110       │ARNU_DU_20201026_110    │4B02-134-00004-T-001P ВЭБ.РФ оббП12     │     10.00│            10000.00│
│    111│     111│111       │ARNU_DU_20201026_111    │4B02-134-00004-T-001P ВЭБ.РФ оббП12     │      2.00│             2000.00│
│    112│     112│112       │ARNU_DU_20201026_112    │4B02-134-00004-T-001P ВЭБ.РФ оббП12     │   2541.00│          2541000.00│
│    113│     113│113       │ARNU_DU_20201026_113    │4B02-134-00004-T-001P ВЭБ.РФ оббП12     │    100.00│           100000.00│
│    114│     114│114       │ARNU_DU_20201026_114    │4B02-134-00004-T-001P ВЭБ.РФ оббП12     │    450.00│           450000.00│
│    115│     115│115       │ARNU_DU_20201026_115    │ВЭБ.РФ-001Р-21-об                       │ 556000.00│        555634280.41│
│    116│     116│116       │ARNU_DU_20201026_116    │ВЭБ.РФ-001Р-21-об                       │ 120000.00│        119921067.71│
│    117│     117│117       │ARNU_DU_20201026_117    │ВЭБ.РФ-001Р-21-об                       │  57000.00│         56962507.16│
│    118│     118│118       │ARNU_DU_20201026_118    │ВЭБ.РФ-001Р-21-об                       │  50000.00│         49967111.55│
│    119│     119│119       │ARNU_DU_20201026_119    │ВЭБ.РФ-001Р-21-об                       │ 300000.00│        299802669.28│
│    120│     120│120       │ARNU_DU_20201026_120    │ВЭБ.РФ-001Р-21-об                       │    188.00│           187876.34│
│    121│     121│121       │ARNU_DU_20201026_121    │ВЭБ.РФ-001Р-21-об                       │  50000.00│         49967111.55│
│    122│     122│122       │ARNU_DU_20201026_122    │ВЭБ.РФ-001Р-21-об                       │ 286000.00│        285973343.69│
│    123│     123│123       │ARNU_DU_20201026_123    │ВЭБ.РФ-001Р-21-об                       │  16997.00│         16995415.81│
│    124│     124│124       │ARNU_DU_20201026_124    │ВЭБ.РФ-001Р-21-об                       │      3.00│             2999.72│
│    125│     125│125       │ARNU_DU_20201026_125    │ВЭБ.РФ-001Р-21-об                       │   4000.00│          3999627.18│
│    126│     126│126       │ARNU_DU_20201026_126    │ВЭБ.РФ-001Р-21-об                       │   2000.00│          1999813.59│
│    127│     127│127       │ARNU_DU_20201026_127    │ВЭБ.РФ-001Р-16-об                       │   2000.00│          2000000.00│
│    128│     128│128       │ARNU_DU_20201026_128    │ВЭБ.РФ-001Р-16-об                       │ 200000.00│        200000000.00│
│    129│     129│129       │ARNU_DU_20201026_129    │ВЭБ.РФ-001Р-16-об                       │ 110042.00│        110042000.00│
│    130│     130│130       │ARNU_DU_20201026_130    │ВЭБ.РФ-001Р-16-об                       │   3926.00│          3926000.00│
│    131│     131│131       │ARNU_DU_20201026_131    │ВЭБ.РФ-001Р-16-об                       │      1.00│             1000.00│
│    132│     132│132       │ARNU_DU_20201026_132    │ВЭБ.РФ-001Р-16-об                       │  74000.00│         74000000.00│
│    133│     133│133       │ARNU_DU_20201026_133    │ВЭБ.РФ-001Р-17-об                       │ 214899.00│        214899000.00│
│    134│     134│134       │ARNU_DU_20201026_134    │ВЭБ.РФ-001Р-17-об                       │  50000.00│         50000000.00│
│    135│     135│135       │ARNU_DU_20201026_135    │ВЭБ.РФ-001Р-17-об                       │  50000.00│         50000000.00│
│    136│     136│136       │ARNU_DU_20201026_136    │ВЭБ.РФ-001Р-17-об                       │  86670.00│         86670000.00│
│    137│     137│137       │ARNU_DU_20201026_137    │ВЭБ.РФ-001Р-17-об                       │  49732.00│         49732000.00│
│    138│     138│138       │ARNU_DU_20201026_138    │ВЭБ.РФ-001Р-17-об                       │    433.00│           433000.00│
│    139│     139│139       │ARNU_DU_20201026_139    │ВЭБ.РФ-001Р-17-об                       │      9.00│             9000.00│
│    140│     140│140       │ARNU_DU_20201026_140    │ВЭБ.РФ-001Р-17-об                       │    495.00│           495000.00│
│    141│     141│141       │ARNU_DU_20201026_141    │ВЭБ.РФ-001Р-17-об                       │    184.00│           184000.00│
│    142│     142│142       │ARNU_DU_20201026_142    │ВЭБ.РФ-001Р-17-об                       │      5.00│             5000.00│
│    143│     143│143       │ARNU_DU_20201026_143    │ВЭБ.РФ-001Р-17-об                       │      7.00│             7000.00│
│    144│     144│144       │ARNU_DU_20201026_144    │ВЭБ.РФ-001Р-17-об                       │   4444.00│          4444000.00│
│    145│     145│145       │ARNU_DU_20201026_145    │ВЭБ.РФ-001Р-17-об                       │    900.00│           900000.00│
│    146│     146│146       │ARNU_DU_20201026_146    │ВЭБ.РФ-001Р-17-об                       │    300.00│           300000.00│
│    147│     147│147       │ARNU_DU_20201026_147    │ВЭБ.РФ-001Р-17-об                       │    600.00│           600000.00│
│    148│     148│148       │ARNU_DU_20201026_148    │ВЭБ.РФ-001Р-17-об                       │   2200.00│          2200000.00│
│    149│     149│149       │ARNU_DU_20201026_149    │ВЭБ.РФ-001Р-17-об                       │ 100000.00│        100000000.00│
│    150│     150│150       │ARNU_DU_20201026_150    │ВЭБ.РФ-001Р-17-об                       │ 100000.00│        100000000.00│
│    151│     151│151       │ARNU_DU_20201026_151    │ВЭБ.РФ-001Р-17-об                       │     54.00│            54000.00│
│    152│     152│152       │ARNU_DU_20201026_152    │ВЭБ.РФ-001Р-17-об                       │   3858.00│          3858000.00│
│    153│     153│153       │ARNU_DU_20201026_153    │ВЭБ.РФ-001Р-17-об                       │   2583.00│          2583000.00│
│    154│     154│154       │ARNU_DU_20201026_154    │ВЭБ.РФ-001Р-17-об                       │   1417.00│          1417000.00│
│    155│     155│155       │ARNU_DU_20201026_155    │ВЭБ.РФ-001Р-17-об                       │ 136000.00│        136000000.00│
│    156│     156│156       │ARNU_DU_20201026_156    │ВЭБ.РФ-001Р-18-об                       │ 100000.00│        100000000.00│
│    157│     157│157       │ARNU_DU_20201026_157    │ВЭБ.РФ-001Р-18-об                       │   1000.00│          1000000.00│
│    158│     158│158       │ARNU_DU_20201026_158    │ВЭБ.РФ-001Р-18-об                       │  14579.00│         14579000.00│
│    159│     159│159       │ARNU_DU_20201026_159    │ВЭБ.РФ-001Р-05-об                       │ 150000.00│        150000000.00│
│    160│     160│160       │ARNU_DU_20201026_160    │ВЭБ.РФ-001Р-05-об                       │ 139555.00│        139555000.00│
│    161│     161│161       │ARNU_DU_20201026_161    │ВЭБ.РФ-001Р-05-об                       │  47000.00│         47000000.00│
│    162│     162│162       │ARNU_DU_20201026_162    │4B02-03-00146-A-001P Газпром нефть оббП0│ 310000.00│        310000000.00│
│    163│     163│163       │ARNU_DU_20201026_163    │4B020300354B001P ГПБ оббП03             │  59400.00│         59400000.00│
│    164│     164│164       │ARNU_DU_20201026_164    │ГПБ-001Р-09Р                            │ 150000.00│        150000000.00│
│    165│     165│165       │ARNU_DU_20201026_165    │ГПБ-001Р-09Р                            │  12800.00│         12800000.00│
│    166│     166│166       │ARNU_DU_20201026_166    │ГПБ-001Р-09Р                            │ 141000.00│        141000000.00│
│    167│     167│167       │ARNU_DU_20201026_167    │ГПБ-001Р-11Р                            │  80000.00│         80000000.00│
│    168│     168│168       │ARNU_DU_20201026_168    │ГПБ-001Р-11Р                            │  50000.00│         50000000.00│
│    169│     169│169       │ARNU_DU_20201026_169    │ГПБ-001Р-11Р                            │  17000.00│         17000000.00│
│    170│     170│170       │ARNU_DU_20201026_170    │ГПБ-001Р-11Р                            │ 331000.00│        331000000.00│
│    171│     171│171       │ARNU_DU_20201026_171    │ГПБ-001Р-11Р                            │     70.00│            70000.00│
│    172│     172│172       │ARNU_DU_20201026_172    │ГПБ-001Р-11Р                            │      1.00│             1000.00│
│    173│     173│173       │ARNU_DU_20201026_173    │ГПБ-001Р-11Р                            │    411.00│           411000.00│
│    174│     174│174       │ARNU_DU_20201026_174    │ГПБ-001Р-13Р                            │ 250000.00│        250000000.00│
│    175│     175│175       │ARNU_DU_20201026_175    │ГПБ-001Р-13Р                            │  50000.00│         50000000.00│
│    176│     176│176       │ARNU_DU_20201026_176    │ГПБ-001Р-14Р                            │   5000.00│          5000000.00│
│    177│     177│177       │ARNU_DU_20201026_177    │ГПБ-001Р-14Р                            │   9900.00│          9900000.00│
│    178│     178│178       │ARNU_DU_20201026_178    │ГПБ-001Р-14Р                            │  98000.00│         98000000.00│
│    179│     179│179       │ARNU_DU_20201026_179    │ГПБ-001Р-14Р                            │   7000.00│          7000000.00│
│    180│     180│180       │ARNU_DU_20201026_180    │4B021700354B ГПБ обб17                  │  44900.00│         44900000.00│
│    181│     181│181       │ARNU_DU_20201026_181    │НорНикель-БО-001P-01                    │  50000.00│         49631824.90│
│    182│     182│182       │ARNU_DU_20201026_182    │НорНикель-БО-001P-01                    │   4970.00│          4933403.39│
│    183│     183│183       │ARNU_DU_20201026_183    │НорНикель-БО-001P-01                    │   1140.00│          1131605.61│
│    184│     184│184       │ARNU_DU_20201026_184    │НорНикель-БО-001P-01                    │   3466.00│          3440478.10│
│    185│     185│185       │ARNU_DU_20201026_185    │НорНикель-БО-001P-01                    │      1.00│              992.64│
│    186│     186│186       │ARNU_DU_20201026_186    │НорНикель-БО-001P-01                    │   1393.00│          1382742.64│
│    187│     187│187       │ARNU_DU_20201026_187    │НорНикель-БО-001P-01                    │   1998.00│          1983287.72│
│    188│     188│188       │ARNU_DU_20201026_188    │RU35002KND0 Краснодарский край оба02    │  17200.00│         17200000.00│
│    189│     189│189       │ARNU_DU_20201026_189    │RU35016KNA0 Красноярский край оба16     │  89785.00│         89785000.00│
│    190│     190│190       │ARNU_DU_20201026_190    │Лента-БО-001Р-04                        │ 120000.00│        120000000.00│
│    191│     191│191       │ARNU_DU_20201026_191    │Лента-БО-001Р-04                        │  50000.00│         50000000.00│
│    192│     192│192       │ARNU_DU_20201026_192    │Лента-БО-001Р-04                        │  50000.00│         50000000.00│
│    193│     193│193       │ARNU_DU_20201026_193    │Лента-БО-001Р-04                        │  50000.00│         50000000.00│
│    194│     194│194       │ARNU_DU_20201026_194    │Лента-БО-001Р-04                        │  97000.00│         97000000.00│
│    195│     195│195       │ARNU_DU_20201026_195    │Лента-БО-001Р-04                        │  32000.00│         32000000.00│
│    196│     196│196       │ARNU_DU_20201026_196    │Лента-БО-001Р-04                        │   4993.00│          4993000.00│
│    197│     197│197       │ARNU_DU_20201026_197    │Лента-БО-001Р-04                        │      1.00│             1000.00│
│    198│     198│198       │ARNU_DU_20201026_198    │Лента-БО-001Р-04                        │   1998.00│          1998000.00│
│    199│     199│199       │ARNU_DU_20201026_199    │Лента-БО-001Р-04                        │  32000.00│         32000000.00│
│    200│     200│200       │ARNU_DU_20201026_200    │Лента-БО-001Р-04                        │      8.00│             8000.00│
│    201│     201│201       │ARNU_DU_20201026_201    │Лента-БО-001Р-04                        │      5.00│             5000.00│
│    202│     202│202       │ARNU_DU_20201026_202    │Лента-БО-001Р-04                        │      4.00│             4000.00│
│    203│     203│203       │ARNU_DU_20201026_203    │Лента-БО-001Р-04                        │      3.00│             3000.00│
│    204│     204│204       │ARNU_DU_20201026_204    │Лента-БО-001Р-04                        │      2.00│             2000.00│
│    205│     205│205       │ARNU_DU_20201026_205    │Лента-БО-001Р-04                        │      1.00│             1000.00│
│    206│     206│206       │ARNU_DU_20201026_206    │Лента-БО-001Р-04                        │      2.00│             2000.00│
│    207│     207│207       │ARNU_DU_20201026_207    │Лента-БО-001Р-04                        │      5.00│             5000.00│
│    208│     208│208       │ARNU_DU_20201026_208    │Лента-БО-001Р-04                        │      2.00│             2000.00│
│    209│     209│209       │ARNU_DU_20201026_209    │Лента-БО-001Р-04                        │      3.00│             3000.00│
│    210│     210│210       │ARNU_DU_20201026_210    │Лента-БО-001Р-04                        │      1.00│             1000.00│
│    211│     211│211       │ARNU_DU_20201026_211    │Лента-БО-001Р-04                        │      3.00│             3000.00│
│    212│     212│212       │ARNU_DU_20201026_212    │Лента-БО-001Р-04                        │      3.00│             3000.00│
│    213│     213│213       │ARNU_DU_20201026_213    │Лента-БО-001Р-04                        │      5.00│             5000.00│
│    214│     214│214       │ARNU_DU_20201026_214    │Лента-БО-001Р-04                        │      2.00│             2000.00│
│    215│     215│215       │ARNU_DU_20201026_215    │Лента-БО-001Р-04                        │     25.00│            25000.00│
│    216│     216│216       │ARNU_DU_20201026_216    │Лента-БО-001Р-04                        │      8.00│             8000.00│
│    217│     217│217       │ARNU_DU_20201026_217    │Лента-БО-001Р-04                        │     35.00│            35000.00│
│    218│     218│218       │ARNU_DU_20201026_218    │Лента-БО-001Р-04                        │     25.00│            25000.00│
│    219│     219│219       │ARNU_DU_20201026_219    │Лента-БО-001Р-04                        │     11.00│            11000.00│
│    220│     220│220       │ARNU_DU_20201026_220    │Лента-БО-001Р-04                        │      5.00│             5000.00│
│    221│     221│221       │ARNU_DU_20201026_221    │Лента-БО-001Р-04                        │      5.00│             5000.00│
│    222│     222│222       │ARNU_DU_20201026_222    │Лента-БО-001Р-04                        │      1.00│             1000.00│
│    223│     223│223       │ARNU_DU_20201026_223    │Лента-БО-001Р-04                        │     20.00│            20000.00│
│    224│     224│224       │ARNU_DU_20201026_224    │Лента-БО-001Р-04                        │      2.00│             2000.00│
│    225│     225│225       │ARNU_DU_20201026_225    │Лента-БО-001Р-04                        │      1.00│             1000.00│
│    226│     226│226       │ARNU_DU_20201026_226    │Лента-БО-001Р-04                        │   8924.00│          8924000.00│
│    227│     227│227       │ARNU_DU_20201026_227    │Лента-БО-001Р-04                        │ 120000.00│        120000000.00│
│    228│     228│228       │ARNU_DU_20201026_228    │Лента-БО-001Р-04                        │  25000.00│         25000000.00│
│    229│     229│229       │ARNU_DU_20201026_229    │Лента-БО-001Р-04                        │ 244000.00│        244000000.00│
│    230│     230│230       │ARNU_DU_20201026_230    │Лента-БО-001Р-04                        │  35000.00│         35000000.00│
│    231│     231│231       │ARNU_DU_20201026_231    │Лента-БО-001Р-03                        │ 342450.00│        342450000.00│
│    232│     232│232       │ARNU_DU_20201026_232    │Лента-БО-001Р-03                        │ 200000.00│        200000000.00│
│    233│     233│233       │ARNU_DU_20201026_233    │Лента-БО-001Р-03                        │ 100000.00│        100000000.00│
│    234│     234│234       │ARNU_DU_20201026_234    │Лента-БО-001Р-03                        │  25000.00│         25000000.00│
│    235│     235│235       │ARNU_DU_20201026_235    │Лента-БО-001Р-03                        │  28000.00│         28000000.00│
│    236│     236│236       │ARNU_DU_20201026_236    │Лента-БО-001Р-03                        │  18000.00│         18000000.00│
│    237│     237│237       │ARNU_DU_20201026_237    │Лента-БО-001Р-03                        │ 200000.00│        200000000.00│
│    238│     238│238       │ARNU_DU_20201026_238    │Лента-БО-001Р-03                        │  34000.00│         34000000.00│
│    239│     239│239       │ARNU_DU_20201026_239    │Магнит-БО-002P-01                       │ 100000.00│         98155172.41│
│    240│     240│240       │ARNU_DU_20201026_240    │Магнит-БО-002P-01                       │ 200000.00│        196310344.83│
│    241│     241│241       │ARNU_DU_20201026_241    │Магнит-БО-002P-01                       │ 200000.00│        196310344.83│
│    242│     242│242       │ARNU_DU_20201026_242    │Магнит-БО-002P-01                       │  80000.00│         78524137.93│
│    243│     243│243       │ARNU_DU_20201026_243    │Магнит-БО-002P-03                       │ 500000.00│        500000000.00│
│    244│     244│244       │ARNU_DU_20201026_244    │Магнит-003Р-01                          │  10000.00│         10000000.00│
│    245│     245│245       │ARNU_DU_20201026_245    │Магнит-003Р-02                          │ 135000.00│        135000000.00│
│    246│     246│246       │ARNU_DU_20201026_246    │Магнит-003Р-02                          │  75934.00│         75934000.00│
│    247│     247│247       │ARNU_DU_20201026_247    │Магнит-003Р-02                          │  24066.00│         24066000.00│
│    248│     248│248       │ARNU_DU_20201026_248    │Магнит-003Р-04                          │  35000.00│         35000000.00│
│    249│     249│249       │ARNU_DU_20201026_249    │Магнит-003Р-04                          │  42738.00│         42738000.00│
│    250│     250│250       │ARNU_DU_20201026_250    │Магнит-003Р-05                          │ 450000.00│        449332017.71│
│    251│     251│251       │ARNU_DU_20201026_251    │Магнит-003Р-05                          │ 130000.00│        129807027.34│
│    252│     252│252       │ARNU_DU_20201026_252    │Магнит-003Р-05                          │ 169644.00│        169392179.58│
│    253│     253│253       │ARNU_DU_20201026_253    │Магнит-003Р-05                          │ 150000.00│        149777339.24│
│    254│     254│254       │ARNU_DU_20201026_254    │Магнит-003Р-05                          │ 100000.00│         99851559.49│
│    255│     255│255       │ARNU_DU_20201026_255    │Магнит-003Р-05                          │  79439.00│         79321080.34│
│    256│     256│256       │ARNU_DU_20201026_256    │Магнит-003Р-05                          │  19000.00│         18971796.30│
│    257│     257│257       │ARNU_DU_20201026_257    │4B02-04-00822-J-001P  МегаФон оббП04    │ 844766.00│        844766000.00│
│    258│     258│258       │ARNU_DU_20201026_258    │4B02-04-00822-J-001P  МегаФон оббП04    │  40000.00│         40000000.00│
│    259│     259│259       │ARNU_DU_20201026_259    │4B02-04-00822-J-001P  МегаФон оббП04    │   1450.00│          1450000.00│
│    260│     260│260       │ARNU_DU_20201026_260    │4B02-04-00822-J-001P  МегаФон оббП04    │  65000.00│         65000000.00│
│    261│     261│261       │ARNU_DU_20201026_261    │RU34011MOO0 Московская обл.оба11        │ 114997.00│         86247750.00│
│    262│     262│262       │ARNU_DU_20201026_262    │RU34011MOO0 Московская обл.оба11        │  77000.00│         57750000.00│
│    263│     263│263       │ARNU_DU_20201026_263    │Московская Обл-34012-об                 │  29382.00│         29382000.00│
│    264│     264│264       │ARNU_DU_20201026_264    │4B02-06-04715-A-001P МТС оббП06         │ 893000.00│        893000000.00│
│    265│     265│265       │ARNU_DU_20201026_265    │МТС-001P-07                             │ 345713.00│        345713000.00│
│    266│     266│266       │ARNU_DU_20201026_266    │МТС-001P-07                             │  40000.00│         40000000.00│
│    267│     267│267       │ARNU_DU_20201026_267    │МТС-001P-09                             │      5.00│             5000.00│
│    268│     268│268       │ARNU_DU_20201026_268    │МТС-001P-09                             │ 120000.00│        120000000.00│
│    269│     269│269       │ARNU_DU_20201026_269    │МТС-001P-09                             │ 200000.00│        200000000.00│
│    270│     270│270       │ARNU_DU_20201026_270    │МТС-001P-13                             │ 100000.00│        100000000.00│
│    271│     271│271       │ARNU_DU_20201026_271    │4B02-01-08551-A-001P НПК оббП01         │ 780200.00│        780200000.00│
│    272│     272│272       │ARNU_DU_20201026_272    │Росбанк оббП05                          │ 105000.00│        105000000.00│
│    273│     273│273       │ARNU_DU_20201026_273    │Росбанк оббП05                          │  57000.00│         57000000.00│
│    274│     274│274       │ARNU_DU_20201026_274    │4B02-04-00122-A-002P Роснефть обб2П04   │  99978.00│         99978000.00│
│    275│     275│275       │ARNU_DU_20201026_275    │Роснефть-002Р-08-боб                    │ 377756.00│        377756000.00│
│    276│     276│276       │ARNU_DU_20201026_276    │4B02-06-00122-A Роснефть обб06          │ 160000.00│        160000000.00│
│    277│     277│277       │ARNU_DU_20201026_277    │4B02-06-00122-A Роснефть обб06          │  85000.00│         85000000.00│
│    278│     278│278       │ARNU_DU_20201026_278    │4B02-01-55385-E-001P Россети оббП01     │ 134900.00│        134900000.00│
│    279│     279│279       │ARNU_DU_20201026_279    │Росэксимбанк-БО-002Р-02                 │ 542000.00│        541999986.10│
│    280│     280│280       │ARNU_DU_20201026_280    │Росэксимбанк-БО-002Р-02                 │     50.00│            50000.00│
│    281│     281│281       │ARNU_DU_20201026_281    │Росэксимбанк-БО-002Р-02                 │     89.00│            89000.00│
│    282│     282│282       │ARNU_DU_20201026_282    │Росэксимбанк-БО-002Р-02                 │  38000.00│         38000000.00│
│    283│     283│283       │ARNU_DU_20201026_283    │Росэксимбанк-БО-002Р-03                 │  36500.00│         36500000.00│
│    284│     284│284       │ARNU_DU_20201026_284    │40102790B РОСЭКСИМБАНК об01             │  49100.00│         49096265.28│
│    285│     285│285       │ARNU_DU_20201026_285    │40102790B РОСЭКСИМБАНК об01             │   3200.00│          3199756.60│
│    286│     286│286       │ARNU_DU_20201026_286    │40102790B РОСЭКСИМБАНК об01             │  50000.00│         49996196.83│
│    287│     287│287       │ARNU_DU_20201026_287    │40102790B РОСЭКСИМБАНК об01             │ 367115.00│        367087075.96│
│    288│     288│288       │ARNU_DU_20201026_288    │40102790B РОСЭКСИМБАНК об01             │      3.00│             2999.77│
│    289│     289│289       │ARNU_DU_20201026_289    │40102790B РОСЭКСИМБАНК об01             │  14997.00│         14995859.28│
│    290│     290│290       │ARNU_DU_20201026_290    │40102790B РОСЭКСИМБАНК об01             │ 140000.00│        139989351.11│
│    291│     291│291       │ARNU_DU_20201026_291    │40102790B РОСЭКСИМБАНК об01             │  10000.00│          9999239.37│
│    292│     292│292       │ARNU_DU_20201026_292    │40102790B РОСЭКСИМБАНК об01             │      1.00│              999.92│
│    293│     293│293       │ARNU_DU_20201026_293    │40102790B РОСЭКСИМБАНК об01             │   1000.00│           999923.94│
│    294│     294│294       │ARNU_DU_20201026_294    │40102790B РОСЭКСИМБАНК об01             │    170.00│           169987.07│
│    295│     295│295       │ARNU_DU_20201026_295    │40102790B РОСЭКСИМБАНК об01             │    250.00│           249980.98│
│    296│     296│296       │ARNU_DU_20201026_296    │40102790B РОСЭКСИМБАНК об01             │     37.00│            36997.19│
│    297│     297│297       │ARNU_DU_20201026_297    │40102790B РОСЭКСИМБАНК об01             │     10.00│             9999.24│
│    298│     298│298       │ARNU_DU_20201026_298    │40102790B РОСЭКСИМБАНК об01             │      4.00│             3999.70│
│    299│     299│299       │ARNU_DU_20201026_299    │40102790B РОСЭКСИМБАНК об01             │      5.00│             4999.62│
│    300│     300│300       │ARNU_DU_20201026_300    │40102790B РОСЭКСИМБАНК об01             │     21.00│            20998.40│
│    301│     301│301       │ARNU_DU_20201026_301    │40102790B РОСЭКСИМБАНК об01             │    515.00│           514960.83│
│    302│     302│302       │ARNU_DU_20201026_302    │40102790B РОСЭКСИМБАНК об01             │    560.00│           559957.40│
│    303│     303│303       │ARNU_DU_20201026_303    │40102790B РОСЭКСИМБАНК об01             │   2900.00│          2899779.42│
│    304│     304│304       │ARNU_DU_20201026_304    │40102790B РОСЭКСИМБАНК об01             │    836.00│           835936.41│
│    305│     305│305       │ARNU_DU_20201026_305    │40102790B РОСЭКСИМБАНК об01             │      2.00│             1999.85│
│    306│     306│306       │ARNU_DU_20201026_306    │40102790B РОСЭКСИМБАНК об01             │      1.00│              999.92│
│    307│     307│307       │ARNU_DU_20201026_307    │40102790B РОСЭКСИМБАНК об01             │   8920.00│          8919321.51│
│    308│     308│308       │ARNU_DU_20201026_308    │40102790B РОСЭКСИМБАНК об01             │   1080.00│          1079917.85│
│    309│     309│309       │ARNU_DU_20201026_309    │40102790B РОСЭКСИМБАНК об01             │ 175000.00│        174986688.89│
│    310│     310│310       │ARNU_DU_20201026_310    │40102790B РОСЭКСИМБАНК об01             │  25000.00│         24998098.41│
│    311│     311│311       │ARNU_DU_20201026_311    │40102790B РОСЭКСИМБАНК об01             │      1.00│              999.92│
│    312│     312│312       │ARNU_DU_20201026_312    │40102790B РОСЭКСИМБАНК об01             │    500.00│           499961.97│
│    313│     313│313       │ARNU_DU_20201026_313    │40102790B РОСЭКСИМБАНК об01             │   4500.00│          4499657.71│
│    314│     314│314       │ARNU_DU_20201026_314    │40102790B РОСЭКСИМБАНК об01             │   1000.00│           999923.94│
│    315│     315│315       │ARNU_DU_20201026_315    │40102790B РОСЭКСИМБАНК об01             │  50000.00│         49996196.83│
│    316│     316│316       │ARNU_DU_20201026_316    │40102790B РОСЭКСИМБАНК об01             │  25000.00│         24998098.41│
│    317│     317│317       │ARNU_DU_20201026_317    │40102790B РОСЭКСИМБАНК об01             │   5000.00│          4999619.68│
│    318│     318│318       │ARNU_DU_20201026_318    │40102790B РОСЭКСИМБАНК об01             │   5000.00│          4999619.68│
│    319│     319│319       │ARNU_DU_20201026_319    │40102790B РОСЭКСИМБАНК об01             │  25000.00│         24999980.37│
│    320│     320│320       │ARNU_DU_20201026_320    │40102790B РОСЭКСИМБАНК об01             │    999.00│           998999.22│
│    321│     321│321       │ARNU_DU_20201026_321    │40102790B РОСЭКСИМБАНК об01             │    164.00│           163999.87│
│    322│     322│322       │ARNU_DU_20201026_322    │40102790B РОСЭКСИМБАНК об01             │   2600.00│          2599997.96│
│    323│     323│323       │ARNU_DU_20201026_323    │40102790B РОСЭКСИМБАНК об01             │   7400.00│          7399994.19│
│    324│     324│324       │ARNU_DU_20201026_324    │40102790B РОСЭКСИМБАНК об01             │  20000.00│         19999984.29│
│    325│     325│325       │ARNU_DU_20201026_325    │40102790B РОСЭКСИМБАНК об01             │  14000.00│         13999989.00│
│    326│     326│326       │ARNU_DU_20201026_326    │40102790B РОСЭКСИМБАНК об01             │    670.00│           669999.47│
│    327│     327│327       │ARNU_DU_20201026_327    │40102790B РОСЭКСИМБАНК об01             │    297.00│           296999.77│
│    328│     328│328       │ARNU_DU_20201026_328    │40102790B РОСЭКСИМБАНК об01             │  14500.00│         14499988.61│
│    329│     329│329       │ARNU_DU_20201026_329    │40102790B РОСЭКСИМБАНК об01             │     68.00│            67999.95│
│    330│     330│330       │ARNU_DU_20201026_330    │40102790B РОСЭКСИМБАНК об01             │  41500.00│         41499967.41│
│    331│     331│331       │ARNU_DU_20201026_331    │4B020601481B001P Сбербанк оббП06        │ 129328.00│        123120256.00│
│    332│     332│332       │ARNU_DU_20201026_332    │4B021201481B001P Сбербанк оббП12        │  25000.00│         24375000.00│
│    333│     333│333       │ARNU_DU_20201026_333    │4B021201481B001P Сбербанк оббП12        │   5000.00│          4875000.00│
│    334│     334│334       │ARNU_DU_20201026_334    │4B020103368B СМП Банк обб01             │4000000.00│       4000000000.00│
│    335│     335│335       │ARNU_DU_20201026_335    │4B020103368B СМП Банк обб01             │3280000.00│       3280000000.00│
│    336│     336│336       │ARNU_DU_20201026_336    │4B020103368B СМП Банк обб01             │2720000.00│       2720000000.00│
│    337│     337│337       │ARNU_DU_20201026_337    │4B020203368B СМП Банк обб02             │3000000.00│       3000000000.00│
│    338│     338│338       │ARNU_DU_20201026_338    │4B020203368B СМП Банк обб02             │1340000.00│       1340000000.00│
│    339│     339│339       │ARNU_DU_20201026_339    │4B020203368B СМП Банк обб02             │2580000.00│       2580000000.00│
│    340│     340│340       │ARNU_DU_20201026_340    │4B020203368B СМП Банк обб02             │3080000.00│       3080000000.00│
│    341│     341│341       │ARNU_DU_20201026_341    │4B020303368B СМП Банк обб03             │3500000.00│       3500000000.00│
│    342│     342│342       │ARNU_DU_20201026_342    │4B020303368B СМП Банк обб03             │4500000.00│       4500000000.00│
│    343│     343│343       │ARNU_DU_20201026_343    │4B020303368B СМП Банк обб03             │2000000.00│       2000000000.00│
│    344│     344│344       │ARNU_DU_20201026_344    │RU35003TMB0 Тамбовская обл. оба03       │ 200000.00│        200000000.00│
│    345│     345│345       │ARNU_DU_20201026_345    │4B020203500B001P Фольксваген Банк РУС об│ 100000.00│        100000000.00│
│    346│     346│346       │ARNU_DU_20201026_346    │4B020203500B001P Фольксваген Банк РУС об│  49951.00│         49951000.00│
│    347│     347│347       │ARNU_DU_20201026_347    │4B020203500B001P Фольксваген Банк РУС об│      5.00│             5000.00│
│    348│     348│348       │ARNU_DU_20201026_348    │4B020203500B001P Фольксваген Банк РУС об│  46995.00│         46995000.00│
│    349│     349│349       │ARNU_DU_20201026_349    │4B020203500B001P Фольксваген Банк РУС об│  49995.00│         49995000.00│
│    350│     350│350       │ARNU_DU_20201026_350    │4B020203500B001P Фольксваген Банк РУС об│  19000.00│         19000000.00│
│    351│     351│351       │ARNU_DU_20201026_351    │4B020203500B001P Фольксваген Банк РУС об│  50000.00│         50000000.00│
│    352│     352│352       │ARNU_DU_20201026_352    │4B020203500B001P Фольксваген Банк РУС об│  40000.00│         40000000.00│
│    353│     353│353       │ARNU_DU_20201026_353    │4B020203500B001P Фольксваген Банк РУС об│    281.00│           281000.00│
│    354│     354│354       │ARNU_DU_20201026_354    │4B020203500B001P Фольксваген Банк РУС об│  25000.00│         25000000.00│
│    355│     355│355       │ARNU_DU_20201026_355    │4B020203500B001P Фольксваген Банк РУС об│      2.00│             2000.00│
│    356│     356│356       │ARNU_DU_20201026_356    │Фольксваген Банк-001Р-03                │ 140000.00│        140000000.00│
│    357│     357│357       │ARNU_DU_20201026_357    │Фольксваген Банк-001Р-03                │ 129020.00│        129020000.00│
│    358│     358│358       │ARNU_DU_20201026_358    │Фольксваген Банк-001Р-03                │ 375000.00│        375000000.00│
│    359│     359│359       │ARNU_DU_20201026_359    │Фольксваген Банк-001Р-03                │  30000.00│         30000000.00│
│    360│     360│360       │ARNU_DU_20201026_360    │Фольксваген Банк-001Р-03                │   1000.00│          1000000.00│
│    361│     361│361       │ARNU_DU_20201026_361    │Фольксваген Банк-001Р-03                │  50000.00│         50000000.00│
│    362│     362│362       │ARNU_DU_20201026_362    │Фольксваген Банк-001Р-03                │   2000.00│          2000000.00│
│    363│     363│363       │ARNU_DU_20201026_363    │Фольксваген Банк-001Р-03                │  27000.00│         27000000.00│
│    364│     364│364       │ARNU_DU_20201026_364    │Фольксваген Банк-001Р-03                │  21000.00│         21000000.00│
│    365│     365│365       │ARNU_DU_20201026_365    │Фольксваген Банк-001Р-03                │   1000.00│          1000000.00│
│    366│     366│366       │ARNU_DU_20201026_366    │Фольксваген Банк-001Р-03                │  13000.00│         13000000.00│
│    367│     367│367       │ARNU_DU_20201026_367    │Фольксваген Банк-001Р-03                │    104.00│           104000.00│
│    368│     368│368       │ARNU_DU_20201026_368    │Фольксваген Банк-001Р-03                │ 150000.00│        150000000.00│
│    369│     369│369       │ARNU_DU_20201026_369    │Фольксваген Банк-001Р-03                │  15010.00│         15010000.00│
│    370│     370│370       │ARNU_DU_20201026_370    │Фольксваген Банк-001Р-03                │  19990.00│         19990000.00│
│    371│     371│371       │ARNU_DU_20201026_371    │Фольксваген Банк-001Р-03                │  15000.00│         15000000.00│
│    372│     372│372       │ARNU_DU_20201026_372    │Фольксваген Банк-001Р-03                │  32481.00│         32481000.00│
│    373│     373│373       │ARNU_DU_20201026_373    │Фольксваген Банк-001Р-03                │      3.00│             3000.00│
│    374│     374│374       │ARNU_DU_20201026_374    │Фольксваген Банк-001Р-03                │  25000.00│         25000000.00│
│    375│     375│375       │ARNU_DU_20201026_375    │Фольксваген Банк-001Р-03                │  10000.00│         10000000.00│
│    376│     376│376       │ARNU_DU_20201026_376    │Фольксваген Банк-001Р-03                │  44356.00│         44356000.00│
│    377│     377│377       │ARNU_DU_20201026_377    │Фольксваген Банк-001Р-03                │  20644.00│         20644000.00│
│    378│     378│378       │ARNU_DU_20201026_378    │Фольксваген Банк-001Р-03                │ 108000.00│        108000000.00│
│    379│     379│379       │ARNU_DU_20201026_379    │Фольксваген Банк-001Р-03                │      1.00│             1000.00│
│    380│     380│380       │ARNU_DU_20201026_380    │Фольксваген Банк-001Р-03                │    437.00│           437000.00│
│    381│     381│381       │ARNU_DU_20201026_381    │RU35010YRS0 Ярославская обл. оба16      │ 172499.00│        172483458.06│
│    382│     382│382       │ARNU_DU_20201026_382    │RU35010YRS0 Ярославская обл. оба16      │   3997.00│          3996639.88│
│    383│     383│383       │ARNU_DU_20201026_383    │RU35010YRS0 Ярославская обл. оба16      │      3.00│             2999.73│
│    384│     384│384       │ARNU_DU_20201026_384    │RU35010YRS0 Ярославская обл. оба16      │   3997.00│          3996639.88│
│    385│     385│385       │ARNU_DU_20201026_385    │RU35010YRS0 Ярославская обл. оба16      │   1000.00│           999909.90│
│    386│     386│386       │ARNU_DU_20201026_386    │RU35010YRS0 Ярославская обл. оба16      │   3783.00│          3782659.16│
│    387│     387│387       │ARNU_DU_20201026_387    │Ярославская Обл-35017-об                │  81000.00│         81000000.00│
└───────┴────────┴──────────┴────────────────────────┴────────────────────────────────────────┴──────────┴────────────────────┘
